<?xml version="1.0" encoding="UTF-8"?>
<!-- Generated by org.testng.reporters.JUnitReportReporter -->
<testsuite skipped="0" hostname="LAPTOP-9T2J2GEJ" name="testCases.TC_001_AccountRegistrationTest" tests="1" failures="0" timestamp="2023-05-26T00:53:39 IST" time="5.942" errors="0">
  <testcase name="test_account_Registration" time="5.942" classname="testCases.TC_001_AccountRegistrationTest"/>
  <system-out/>
</testsuite> <!-- testCases.TC_001_AccountRegistrationTest -->
